build/app/intermediates/manifest_merge_blame_file/debug/manifest-merger-blame-debug-report.txt
1<?xml version="1.0" encoding="utf-8"?>
2<manifest xmlns:android="http://schemas.android.com/apk/res/android"
3    package="com.proj21.merchantapp"
4    android:versionCode="1"
5    android:versionName="1.0.0" >
6
7    <uses-sdk
8        android:minSdkVersion="16"
9        android:targetSdkVersion="30" />
10    <!--
11         Flutter needs it to communicate with the running application
12         to allow setting breakpoints, to provide hot reload, etc.
13    -->
14    <uses-permission android:name="android.permission.INTERNET" />
14-->src/main/AndroidManifest.xml:3:5-67
14-->src/main/AndroidManifest.xml:3:22-64
15    <uses-permission android:name="android.permission.ACCESS_FINE_LOCATION" />
15-->src/main/AndroidManifest.xml:4:5-79
15-->src/main/AndroidManifest.xml:4:22-76
16    <uses-permission android:name="android.permission.ACCESS_COARSE_LOCATION" /> <!-- Although the *SdkVersion is captured in gradle build files, this is required for non gradle builds -->
16-->src/main/AndroidManifest.xml:5:5-81
16-->src/main/AndroidManifest.xml:5:22-78
17    <!-- <uses-sdk android:minSdkVersion="14"/> -->
18    <uses-permission android:name="android.permission.ACCESS_NETWORK_STATE" />
18-->[com.google.firebase:firebase-database:19.5.0] AndroidManifest.xml:25:5-79
18-->[com.google.firebase:firebase-database:19.5.0] AndroidManifest.xml:25:22-76
19
20    <uses-feature
20-->[com.google.android.gms:play-services-maps:17.0.0] AndroidManifest.xml:26:5-28:35
21        android:glEsVersion="0x00020000"
21-->[com.google.android.gms:play-services-maps:17.0.0] AndroidManifest.xml:27:9-41
22        android:required="true" />
22-->[com.google.android.gms:play-services-maps:17.0.0] AndroidManifest.xml:28:9-32
23
24    <uses-permission android:name="android.permission.WAKE_LOCK" />
24-->[com.google.android.gms:play-services-measurement-api:17.6.0] AndroidManifest.xml:24:5-68
24-->[com.google.android.gms:play-services-measurement-api:17.6.0] AndroidManifest.xml:24:22-65
25    <uses-permission android:name="com.google.android.finsky.permission.BIND_GET_INSTALL_REFERRER_SERVICE" />
25-->[com.google.android.gms:play-services-measurement:17.6.0] AndroidManifest.xml:26:5-110
25-->[com.google.android.gms:play-services-measurement:17.6.0] AndroidManifest.xml:26:22-107
26
27    <application
27-->src/main/AndroidManifest.xml:7:5-46:19
28        android:appComponentFactory="androidx.core.app.CoreComponentFactory"
28-->[androidx.core:core:1.1.0] AndroidManifest.xml:24:18-86
29        android:debuggable="true"
30        android:icon="@mipmap/ic_launcher"
30-->src/main/AndroidManifest.xml:9:9-43
31        android:label="merchant_app" >
31-->src/main/AndroidManifest.xml:8:9-37
32        <activity
32-->src/main/AndroidManifest.xml:10:9-38:20
33            android:name="com.proj21.merchant_app.MainActivity"
33-->src/main/AndroidManifest.xml:11:13-41
34            android:configChanges="orientation|keyboardHidden|keyboard|screenSize|smallestScreenSize|locale|layoutDirection|fontScale|screenLayout|density|uiMode"
34-->src/main/AndroidManifest.xml:14:13-163
35            android:hardwareAccelerated="true"
35-->src/main/AndroidManifest.xml:15:13-47
36            android:launchMode="singleTop"
36-->src/main/AndroidManifest.xml:12:13-43
37            android:theme="@style/LaunchTheme"
37-->src/main/AndroidManifest.xml:13:13-47
38            android:windowSoftInputMode="adjustResize" >
38-->src/main/AndroidManifest.xml:16:13-55
39
40            <!--
41                 Specifies an Android theme to apply to this Activity as soon as
42                 the Android process has started. This theme is visible to the user
43                 while the Flutter UI initializes. After that, this theme continues
44                 to determine the Window background behind the Flutter UI.
45            -->
46            <meta-data
46-->src/main/AndroidManifest.xml:21:13-24:17
47                android:name="io.flutter.embedding.android.NormalTheme"
47-->src/main/AndroidManifest.xml:22:15-70
48                android:resource="@style/NormalTheme" />
48-->src/main/AndroidManifest.xml:23:15-52
49            <!--
50                 Displays an Android View that continues showing the launch screen
51                 Drawable until Flutter paints its first frame, then this splash
52                 screen fades out. A splash screen is useful to avoid any visual
53                 gap between the end of Android's launch screen and the painting of
54                 Flutter's first frame.
55            -->
56            <meta-data
56-->src/main/AndroidManifest.xml:30:13-33:17
57                android:name="io.flutter.embedding.android.SplashScreenDrawable"
57-->src/main/AndroidManifest.xml:31:15-79
58                android:resource="@drawable/launch_background" />
58-->src/main/AndroidManifest.xml:32:15-61
59
60            <intent-filter>
60-->src/main/AndroidManifest.xml:34:13-37:29
61                <action android:name="android.intent.action.MAIN" />
61-->src/main/AndroidManifest.xml:35:17-68
61-->src/main/AndroidManifest.xml:35:25-66
62
63                <category android:name="android.intent.category.LAUNCHER" />
63-->src/main/AndroidManifest.xml:36:17-76
63-->src/main/AndroidManifest.xml:36:27-74
64            </intent-filter>
65        </activity>
66        <!--
67             Don't delete the meta-data below.
68             This is used by the Flutter tool to generate GeneratedPluginRegistrant.java
69        -->
70        <meta-data
70-->src/main/AndroidManifest.xml:41:9-43:33
71            android:name="flutterEmbedding"
71-->src/main/AndroidManifest.xml:42:13-44
72            android:value="2" />
72-->src/main/AndroidManifest.xml:43:13-30
73        <meta-data
73-->src/main/AndroidManifest.xml:44:8-45:69
74            android:name="com.google.android.geo.API_KEY"
74-->src/main/AndroidManifest.xml:44:19-64
75            android:value="AIzaSyD_bnDNR4cR_iqeLpfDCA5e9sNQBG4m48g" />
75-->src/main/AndroidManifest.xml:45:12-67
76
77        <service
77-->[:firebase_auth] AndroidManifest.xml:8:9-12:19
78            android:name="com.google.firebase.components.ComponentDiscoveryService"
78-->[:firebase_auth] AndroidManifest.xml:8:18-89
79            android:directBootAware="true"
79-->[com.google.firebase:firebase-common:19.3.1] AndroidManifest.xml:35:13-43
80            android:exported="false" >
80-->[com.google.firebase:firebase-auth:19.4.0] AndroidManifest.xml:35:13-37
81            <meta-data
81-->[:firebase_auth] AndroidManifest.xml:9:13-11:85
82                android:name="com.google.firebase.components:io.flutter.plugins.firebase.auth.FlutterFirebaseAuthRegistrar"
82-->[:firebase_auth] AndroidManifest.xml:10:17-124
83                android:value="com.google.firebase.components.ComponentRegistrar" />
83-->[:firebase_auth] AndroidManifest.xml:11:17-82
84            <meta-data
84-->[:firebase_database] AndroidManifest.xml:9:13-11:85
85                android:name="com.google.firebase.components:io.flutter.plugins.firebase.database.FlutterFirebaseAppRegistrar"
85-->[:firebase_database] AndroidManifest.xml:10:17-127
86                android:value="com.google.firebase.components.ComponentRegistrar" />
86-->[:firebase_database] AndroidManifest.xml:11:17-82
87            <meta-data
87-->[:firebase_core] AndroidManifest.xml:9:13-11:85
88                android:name="com.google.firebase.components:io.flutter.plugins.firebase.core.FlutterFirebaseCoreRegistrar"
88-->[:firebase_core] AndroidManifest.xml:10:17-124
89                android:value="com.google.firebase.components.ComponentRegistrar" />
89-->[:firebase_core] AndroidManifest.xml:11:17-82
90            <meta-data
90-->[com.google.firebase:firebase-auth:19.4.0] AndroidManifest.xml:36:13-38:85
91                android:name="com.google.firebase.components:com.google.firebase.auth.FirebaseAuthRegistrar"
91-->[com.google.firebase:firebase-auth:19.4.0] AndroidManifest.xml:37:17-109
92                android:value="com.google.firebase.components.ComponentRegistrar" />
92-->[com.google.firebase:firebase-auth:19.4.0] AndroidManifest.xml:38:17-82
93            <meta-data
93-->[com.google.firebase:firebase-database:19.5.0] AndroidManifest.xml:32:13-34:85
94                android:name="com.google.firebase.components:com.google.firebase.database.DatabaseRegistrar"
94-->[com.google.firebase:firebase-database:19.5.0] AndroidManifest.xml:33:17-109
95                android:value="com.google.firebase.components.ComponentRegistrar" />
95-->[com.google.firebase:firebase-database:19.5.0] AndroidManifest.xml:34:17-82
96            <meta-data
96-->[com.google.android.gms:play-services-measurement-api:17.6.0] AndroidManifest.xml:30:13-32:85
97                android:name="com.google.firebase.components:com.google.firebase.analytics.connector.internal.AnalyticsConnectorRegistrar"
97-->[com.google.android.gms:play-services-measurement-api:17.6.0] AndroidManifest.xml:31:17-139
98                android:value="com.google.firebase.components.ComponentRegistrar" />
98-->[com.google.android.gms:play-services-measurement-api:17.6.0] AndroidManifest.xml:32:17-82
99            <meta-data
99-->[com.google.firebase:firebase-installations:16.3.2] AndroidManifest.xml:17:13-19:85
100                android:name="com.google.firebase.components:com.google.firebase.installations.FirebaseInstallationsRegistrar"
100-->[com.google.firebase:firebase-installations:16.3.2] AndroidManifest.xml:18:17-127
101                android:value="com.google.firebase.components.ComponentRegistrar" />
101-->[com.google.firebase:firebase-installations:16.3.2] AndroidManifest.xml:19:17-82
102        </service>
103
104        <activity
104-->[com.google.firebase:firebase-auth:19.4.0] AndroidManifest.xml:24:9-31:50
105            android:name="com.google.firebase.auth.internal.FederatedSignInActivity"
105-->[com.google.firebase:firebase-auth:19.4.0] AndroidManifest.xml:25:13-85
106            android:excludeFromRecents="true"
106-->[com.google.firebase:firebase-auth:19.4.0] AndroidManifest.xml:26:13-46
107            android:exported="true"
107-->[com.google.firebase:firebase-auth:19.4.0] AndroidManifest.xml:27:13-36
108            android:launchMode="singleTask"
108-->[com.google.firebase:firebase-auth:19.4.0] AndroidManifest.xml:28:13-44
109            android:permission="com.google.firebase.auth.api.gms.permission.LAUNCH_FEDERATED_SIGN_IN"
109-->[com.google.firebase:firebase-auth:19.4.0] AndroidManifest.xml:29:13-102
110            android:theme="@android:style/Theme.Translucent.NoTitleBar" /> <!-- Needs to be explicitly declared on P+ -->
110-->[com.google.firebase:firebase-auth:19.4.0] AndroidManifest.xml:30:13-72
111        <uses-library
111-->[com.google.android.gms:play-services-maps:17.0.0] AndroidManifest.xml:33:9-35:40
112            android:name="org.apache.http.legacy"
112-->[com.google.android.gms:play-services-maps:17.0.0] AndroidManifest.xml:34:13-50
113            android:required="false" />
113-->[com.google.android.gms:play-services-maps:17.0.0] AndroidManifest.xml:35:13-37
114
115        <activity
115-->[com.google.android.gms:play-services-base:17.1.0] AndroidManifest.xml:23:9-26:75
116            android:name="com.google.android.gms.common.api.GoogleApiActivity"
116-->[com.google.android.gms:play-services-base:17.1.0] AndroidManifest.xml:24:13-79
117            android:exported="false"
117-->[com.google.android.gms:play-services-base:17.1.0] AndroidManifest.xml:25:13-37
118            android:theme="@android:style/Theme.Translucent.NoTitleBar" />
118-->[com.google.android.gms:play-services-base:17.1.0] AndroidManifest.xml:26:13-72
119
120        <provider
120-->[com.google.firebase:firebase-common:19.3.1] AndroidManifest.xml:26:9-31:39
121            android:name="com.google.firebase.provider.FirebaseInitProvider"
121-->[com.google.firebase:firebase-common:19.3.1] AndroidManifest.xml:27:13-77
122            android:authorities="com.proj21.merchantapp.firebaseinitprovider"
122-->[com.google.firebase:firebase-common:19.3.1] AndroidManifest.xml:28:13-72
123            android:directBootAware="true"
123-->[com.google.firebase:firebase-common:19.3.1] AndroidManifest.xml:29:13-43
124            android:exported="false"
124-->[com.google.firebase:firebase-common:19.3.1] AndroidManifest.xml:30:13-37
125            android:initOrder="100" />
125-->[com.google.firebase:firebase-common:19.3.1] AndroidManifest.xml:31:13-36
126
127        <receiver
127-->[com.google.android.gms:play-services-measurement:17.6.0] AndroidManifest.xml:29:9-33:20
128            android:name="com.google.android.gms.measurement.AppMeasurementReceiver"
128-->[com.google.android.gms:play-services-measurement:17.6.0] AndroidManifest.xml:30:13-85
129            android:enabled="true"
129-->[com.google.android.gms:play-services-measurement:17.6.0] AndroidManifest.xml:31:13-35
130            android:exported="false" >
130-->[com.google.android.gms:play-services-measurement:17.6.0] AndroidManifest.xml:32:13-37
131        </receiver>
132
133        <service
133-->[com.google.android.gms:play-services-measurement:17.6.0] AndroidManifest.xml:35:9-38:40
134            android:name="com.google.android.gms.measurement.AppMeasurementService"
134-->[com.google.android.gms:play-services-measurement:17.6.0] AndroidManifest.xml:36:13-84
135            android:enabled="true"
135-->[com.google.android.gms:play-services-measurement:17.6.0] AndroidManifest.xml:37:13-35
136            android:exported="false" />
136-->[com.google.android.gms:play-services-measurement:17.6.0] AndroidManifest.xml:38:13-37
137        <service
137-->[com.google.android.gms:play-services-measurement:17.6.0] AndroidManifest.xml:39:9-43:72
138            android:name="com.google.android.gms.measurement.AppMeasurementJobService"
138-->[com.google.android.gms:play-services-measurement:17.6.0] AndroidManifest.xml:40:13-87
139            android:enabled="true"
139-->[com.google.android.gms:play-services-measurement:17.6.0] AndroidManifest.xml:41:13-35
140            android:exported="false"
140-->[com.google.android.gms:play-services-measurement:17.6.0] AndroidManifest.xml:42:13-37
141            android:permission="android.permission.BIND_JOB_SERVICE" />
141-->[com.google.android.gms:play-services-measurement:17.6.0] AndroidManifest.xml:43:13-69
142
143        <meta-data
143-->[com.google.android.gms:play-services-basement:17.0.0] AndroidManifest.xml:23:9-25:69
144            android:name="com.google.android.gms.version"
144-->[com.google.android.gms:play-services-basement:17.0.0] AndroidManifest.xml:24:13-58
145            android:value="@integer/google_play_services_version" />
145-->[com.google.android.gms:play-services-basement:17.0.0] AndroidManifest.xml:25:13-66
146    </application>
147
148</manifest>